[2025-08-08 13:55:06] Iniciando sincronização da tabela Config...
[2025-08-08 13:55:08] Registro ModuloId=A001 atualizado com sucesso.
[2025-08-08 13:55:08] Sincronização da tabela Config concluída.
[2025-08-08 13:57:09] Iniciando sincronização da tabela Config...
[2025-08-08 13:57:10] Registro ModuloId=A001 atualizado com sucesso.
[2025-08-08 13:57:10] Sincronização da tabela Config concluída.
[2025-08-08 13:59:22] Iniciando sincronização da tabela Config...
[2025-08-08 13:59:23] Registro ModuloId=A001 atualizado com sucesso.
[2025-08-08 13:59:23] Sincronização da tabela Config concluída.
[2025-08-08 14:04:09] Iniciando sincronização da tabela Config...
[2025-08-08 14:04:10] Registro ModuloId=A001 atualizado com sucesso.
[2025-08-08 14:04:10] Sincronização da tabela Config concluída.
[2025-08-08 14:04:10] Iniciando sincronização da tabela Registros...
[2025-08-08 14:04:14] ERRO: As colunas da tabela Registros entre BDL e BDR são diferentes.
[2025-08-08 14:04:14] BDL: ['Classe', 'Conformidade', 'Data', 'Imagem', 'Luminosidade', 'Manual', 'Massa', 'Operacao', 'Pressao', 'Serial', 'Temperatura', 'Umidade', 'idRegistros']
[2025-08-08 14:04:14] BDR: ['Classe', 'Conformidade', 'Data', 'Luminosidade', 'Massa', 'Operacao', 'Serial', 'Temperatura', 'Umidade', 'idRegistros', 'imagem']
[2025-08-08 14:06:53] Iniciando sincronização da tabela Config...
[2025-08-08 14:06:55] Registro ModuloId=A001 atualizado com sucesso.
[2025-08-08 14:06:55] Sincronização da tabela Config concluída.
[2025-08-08 14:06:55] Iniciando sincronização da tabela Registros...
[2025-08-08 14:06:59] ERRO: As colunas da tabela Registros entre BDL e BDR são diferentes.
[2025-08-08 14:06:59] BDL: ['Classe', 'Conformidade', 'Data', 'Imagem', 'Luminosidade', 'Manual', 'Massa', 'Operacao', 'Pressao', 'Serial', 'Temperatura', 'Umidade', 'idRegistros']
[2025-08-08 14:06:59] BDR: ['Classe', 'Conformidade', 'Data', 'Luminosidade', 'Manual', 'Massa', 'Operacao', 'Pressao', 'Serial', 'Temperatura', 'Umidade', 'idRegistros', 'imagem']
[2025-08-08 14:07:23] Iniciando sincronização da tabela Config...
[2025-08-08 14:07:24] Registro ModuloId=A001 atualizado com sucesso.
[2025-08-08 14:07:24] Sincronização da tabela Config concluída.
[2025-08-08 14:07:24] Iniciando sincronização da tabela Registros...
[2025-08-08 14:10:58] Sincronização da tabela Registros concluída.
[2025-08-08 14:10:58] Total de registros pulados (já existentes): 0
[2025-08-08 14:10:58] Total de registros inseridos: 121
[2025-08-08 14:12:43] Iniciando sincronização da tabela Config...
[2025-08-08 14:12:45] Registro ModuloId=A001 atualizado com sucesso.
[2025-08-08 14:12:45] Sincronização da tabela Config concluída.
[2025-08-08 14:12:45] Iniciando sincronização da tabela Registros...
[2025-08-08 14:15:02] Iniciando sincronização da tabela Config...
[2025-08-08 14:15:04] Registro ModuloId=A001 atualizado com sucesso.
[2025-08-08 14:15:04] Sincronização da tabela Config concluída.
[2025-08-08 14:15:04] Iniciando sincronização da tabela Registros...
[2025-08-08 14:25:34] Iniciando sincronização da tabela Config...
[2025-08-08 14:25:35] Registro ModuloId=A001 atualizado com sucesso.
[2025-08-08 14:25:35] Sincronização da tabela Config concluída.
[2025-08-08 14:25:35] Iniciando sincronização da tabela Registros...
[2025-08-08 14:26:51] Iniciando sincronização da tabela Config...
[2025-08-08 14:26:52] Registro ModuloId=A001 atualizado com sucesso.
[2025-08-08 14:26:52] Sincronização da tabela Config concluída.
[2025-08-08 14:26:52] Iniciando sincronização da tabela Registros...
[2025-08-08 14:26:58] Erro ao inserir registro: {'Data': '2025-08-07 10:37:29', 'Operacao': 'OPR-A001-1754577415', 'Classe': 'person', 'Conformidade': 'Sim', 'Massa': '0', 'Serial': 'MCBOX-000B-36Y9-0YZ2', 'Imagem': 'deteccao\\OPR-A001-1754577415\\OPR-A001-1754577415_person_8_20250807_103729.jpg', 'Temperatura': 27.2, 'Umidade': 57.4, 'Pressao': 1002.5, 'Luminosidade': 54.5, 'Manual': 0, 'DataUp': None, 'DataUP': 1754677618}
[2025-08-08 14:26:59] Erro ao inserir registro: {'Data': '2025-08-07 10:48:02', 'Operacao': 'OPR-A001-1754577666', 'Classe': 'person', 'Conformidade': 'Sim', 'Massa': '0', 'Serial': 'MCBOX-000B-36Y9-0YZ2', 'Imagem': 'deteccao\\OPR-A001-1754577666\\OPR-A001-1754577666_person_1_20250807_104802.jpg', 'Temperatura': 26.4, 'Umidade': 46.4, 'Pressao': 1010.5, 'Luminosidade': 50.0, 'Manual': 0, 'DataUp': None, 'DataUP': 1754677619}
[2025-08-08 14:27:01] Erro ao inserir registro: {'Data': '2025-08-07 11:09:10', 'Operacao': 'OPR-A001-1754579204', 'Classe': 'person_nc', 'Conformidade': 'Não', 'Massa': '0', 'Serial': 'MCBOX-000B-36Y9-0YZ2', 'Imagem': 'deteccao\\OPR-A001-1754579204\\OPR-A001-1754579204_person_nc_99999_20250807_110910.jpg', 'Temperatura': 28.1, 'Umidade': 49.1, 'Pressao': 1005.9, 'Luminosidade': 48.0, 'Manual': 1, 'DataUp': None, 'DataUP': 1754677621}
[2025-08-08 14:27:02] Erro ao inserir registro: {'Data': '2025-08-07 11:09:10', 'Operacao': 'OPR-A001-1754579204', 'Classe': 'person_nc', 'Conformidade': 'Não', 'Massa': '0', 'Serial': 'MCBOX-000B-36Y9-0YZ2', 'Imagem': 'deteccao\\OPR-A001-1754579204\\OPR-A001-1754579204_person_nc_99999_20250807_110910.jpg', 'Temperatura': 25.9, 'Umidade': 46.1, 'Pressao': 1000.2, 'Luminosidade': 53.3, 'Manual': 1, 'DataUp': None, 'DataUP': 1754677622}
[2025-08-08 14:27:04] Erro ao inserir registro: {'Data': '2025-08-07 11:09:10', 'Operacao': 'OPR-A001-1754579204', 'Classe': 'person_nc', 'Conformidade': 'Não', 'Massa': '0', 'Serial': 'MCBOX-000B-36Y9-0YZ2', 'Imagem': 'deteccao\\OPR-A001-1754579204\\OPR-A001-1754579204_person_nc_99999_20250807_110910.jpg', 'Temperatura': 29.0, 'Umidade': 64.7, 'Pressao': 1008.1, 'Luminosidade': 51.5, 'Manual': 1, 'DataUp': None, 'DataUP': 1754677624}
[2025-08-08 14:27:05] Erro ao inserir registro: {'Data': '2025-08-07 11:09:11', 'Operacao': 'OPR-A001-1754579204', 'Classe': 'person_nc', 'Conformidade': 'Não', 'Massa': '0', 'Serial': 'MCBOX-000B-36Y9-0YZ2', 'Imagem': 'deteccao\\OPR-A001-1754579204\\OPR-A001-1754579204_person_nc_99999_20250807_110911.jpg', 'Temperatura': 29.9, 'Umidade': 50.7, 'Pressao': 1003.7, 'Luminosidade': 52.5, 'Manual': 1, 'DataUp': None, 'DataUP': 1754677625}
[2025-08-08 14:27:07] Erro ao inserir registro: {'Data': '2025-08-07 11:09:11', 'Operacao': 'OPR-A001-1754579204', 'Classe': 'person_nc', 'Conformidade': 'Não', 'Massa': '0', 'Serial': 'MCBOX-000B-36Y9-0YZ2', 'Imagem': 'deteccao\\OPR-A001-1754579204\\OPR-A001-1754579204_person_nc_99999_20250807_110911.jpg', 'Temperatura': 28.9, 'Umidade': 50.3, 'Pressao': 1013.8, 'Luminosidade': 45.0, 'Manual': 1, 'DataUp': None, 'DataUP': 1754677627}
[2025-08-08 14:27:09] Erro ao inserir registro: {'Data': '2025-08-07 11:09:11', 'Operacao': 'OPR-A001-1754579204', 'Classe': 'person_nc', 'Conformidade': 'Não', 'Massa': '0', 'Serial': 'MCBOX-000B-36Y9-0YZ2', 'Imagem': 'deteccao\\OPR-A001-1754579204\\OPR-A001-1754579204_person_nc_99999_20250807_110911.jpg', 'Temperatura': 25.0, 'Umidade': 49.2, 'Pressao': 1009.3, 'Luminosidade': 48.1, 'Manual': 1, 'DataUp': None, 'DataUP': 1754677629}
[2025-08-08 14:28:12] Iniciando sincronização da tabela Config...
[2025-08-08 14:28:14] Registro ModuloId=A001 atualizado com sucesso.
[2025-08-08 14:28:14] Sincronização da tabela Config concluída.
[2025-08-08 14:28:14] Iniciando sincronização da tabela Registros...
[2025-08-08 14:28:20] Erro ao inserir registro: {'Data': '2025-08-07 10:37:29', 'Operacao': 'OPR-A001-1754577415', 'Classe': 'person', 'Conformidade': 'Sim', 'Massa': '0', 'Serial': 'MCBOX-000B-36Y9-0YZ2', 'Imagem': 'deteccao\\OPR-A001-1754577415\\OPR-A001-1754577415_person_8_20250807_103729.jpg', 'Temperatura': 27.2, 'Umidade': 57.4, 'Pressao': 1002.5, 'Luminosidade': 54.5, 'Manual': 0, 'DataUp': None}
[2025-08-08 14:28:21] Erro ao inserir registro: {'Data': '2025-08-07 10:48:02', 'Operacao': 'OPR-A001-1754577666', 'Classe': 'person', 'Conformidade': 'Sim', 'Massa': '0', 'Serial': 'MCBOX-000B-36Y9-0YZ2', 'Imagem': 'deteccao\\OPR-A001-1754577666\\OPR-A001-1754577666_person_1_20250807_104802.jpg', 'Temperatura': 26.4, 'Umidade': 46.4, 'Pressao': 1010.5, 'Luminosidade': 50.0, 'Manual': 0, 'DataUp': None}
[2025-08-08 14:28:22] Erro ao inserir registro: {'Data': '2025-08-07 11:09:10', 'Operacao': 'OPR-A001-1754579204', 'Classe': 'person_nc', 'Conformidade': 'Não', 'Massa': '0', 'Serial': 'MCBOX-000B-36Y9-0YZ2', 'Imagem': 'deteccao\\OPR-A001-1754579204\\OPR-A001-1754579204_person_nc_99999_20250807_110910.jpg', 'Temperatura': 28.1, 'Umidade': 49.1, 'Pressao': 1005.9, 'Luminosidade': 48.0, 'Manual': 1, 'DataUp': None}
[2025-08-08 14:28:24] Erro ao inserir registro: {'Data': '2025-08-07 11:09:10', 'Operacao': 'OPR-A001-1754579204', 'Classe': 'person_nc', 'Conformidade': 'Não', 'Massa': '0', 'Serial': 'MCBOX-000B-36Y9-0YZ2', 'Imagem': 'deteccao\\OPR-A001-1754579204\\OPR-A001-1754579204_person_nc_99999_20250807_110910.jpg', 'Temperatura': 25.9, 'Umidade': 46.1, 'Pressao': 1000.2, 'Luminosidade': 53.3, 'Manual': 1, 'DataUp': None}
[2025-08-08 14:28:25] Erro ao inserir registro: {'Data': '2025-08-07 11:09:10', 'Operacao': 'OPR-A001-1754579204', 'Classe': 'person_nc', 'Conformidade': 'Não', 'Massa': '0', 'Serial': 'MCBOX-000B-36Y9-0YZ2', 'Imagem': 'deteccao\\OPR-A001-1754579204\\OPR-A001-1754579204_person_nc_99999_20250807_110910.jpg', 'Temperatura': 29.0, 'Umidade': 64.7, 'Pressao': 1008.1, 'Luminosidade': 51.5, 'Manual': 1, 'DataUp': None}
[2025-08-08 14:28:26] Erro ao inserir registro: {'Data': '2025-08-07 11:09:11', 'Operacao': 'OPR-A001-1754579204', 'Classe': 'person_nc', 'Conformidade': 'Não', 'Massa': '0', 'Serial': 'MCBOX-000B-36Y9-0YZ2', 'Imagem': 'deteccao\\OPR-A001-1754579204\\OPR-A001-1754579204_person_nc_99999_20250807_110911.jpg', 'Temperatura': 29.9, 'Umidade': 50.7, 'Pressao': 1003.7, 'Luminosidade': 52.5, 'Manual': 1, 'DataUp': None}
[2025-08-08 14:29:12] Iniciando sincronização da tabela Config...
[2025-08-08 14:29:14] Registro ModuloId=A001 atualizado com sucesso.
[2025-08-08 14:29:14] Sincronização da tabela Config concluída.
[2025-08-08 14:29:14] Iniciando sincronização da tabela Registros...
[2025-08-08 14:29:19] Erro ao inserir registro: {'Data': '2025-08-07 10:37:29', 'Operacao': 'OPR-A001-1754577415', 'Classe': 'person', 'Conformidade': 'Sim', 'Massa': '0', 'Serial': 'MCBOX-000B-36Y9-0YZ2', 'Imagem': 'deteccao\\OPR-A001-1754577415\\OPR-A001-1754577415_person_8_20250807_103729.jpg', 'Temperatura': 27.2, 'Umidade': 57.4, 'Pressao': 1002.5, 'Luminosidade': 54.5, 'Manual': 0, 'DataUp': None}
[2025-08-08 14:29:20] Erro ao inserir registro: {'Data': '2025-08-07 10:48:02', 'Operacao': 'OPR-A001-1754577666', 'Classe': 'person', 'Conformidade': 'Sim', 'Massa': '0', 'Serial': 'MCBOX-000B-36Y9-0YZ2', 'Imagem': 'deteccao\\OPR-A001-1754577666\\OPR-A001-1754577666_person_1_20250807_104802.jpg', 'Temperatura': 26.4, 'Umidade': 46.4, 'Pressao': 1010.5, 'Luminosidade': 50.0, 'Manual': 0, 'DataUp': None}
[2025-08-08 14:29:22] Erro ao inserir registro: {'Data': '2025-08-07 11:09:10', 'Operacao': 'OPR-A001-1754579204', 'Classe': 'person_nc', 'Conformidade': 'Não', 'Massa': '0', 'Serial': 'MCBOX-000B-36Y9-0YZ2', 'Imagem': 'deteccao\\OPR-A001-1754579204\\OPR-A001-1754579204_person_nc_99999_20250807_110910.jpg', 'Temperatura': 28.1, 'Umidade': 49.1, 'Pressao': 1005.9, 'Luminosidade': 48.0, 'Manual': 1, 'DataUp': None}
[2025-08-08 14:29:24] Erro ao inserir registro: {'Data': '2025-08-07 11:09:10', 'Operacao': 'OPR-A001-1754579204', 'Classe': 'person_nc', 'Conformidade': 'Não', 'Massa': '0', 'Serial': 'MCBOX-000B-36Y9-0YZ2', 'Imagem': 'deteccao\\OPR-A001-1754579204\\OPR-A001-1754579204_person_nc_99999_20250807_110910.jpg', 'Temperatura': 25.9, 'Umidade': 46.1, 'Pressao': 1000.2, 'Luminosidade': 53.3, 'Manual': 1, 'DataUp': None}
[2025-08-08 14:29:25] Erro ao inserir registro: {'Data': '2025-08-07 11:09:10', 'Operacao': 'OPR-A001-1754579204', 'Classe': 'person_nc', 'Conformidade': 'Não', 'Massa': '0', 'Serial': 'MCBOX-000B-36Y9-0YZ2', 'Imagem': 'deteccao\\OPR-A001-1754579204\\OPR-A001-1754579204_person_nc_99999_20250807_110910.jpg', 'Temperatura': 29.0, 'Umidade': 64.7, 'Pressao': 1008.1, 'Luminosidade': 51.5, 'Manual': 1, 'DataUp': None}
[2025-08-08 14:29:26] Erro ao inserir registro: {'Data': '2025-08-07 11:09:11', 'Operacao': 'OPR-A001-1754579204', 'Classe': 'person_nc', 'Conformidade': 'Não', 'Massa': '0', 'Serial': 'MCBOX-000B-36Y9-0YZ2', 'Imagem': 'deteccao\\OPR-A001-1754579204\\OPR-A001-1754579204_person_nc_99999_20250807_110911.jpg', 'Temperatura': 29.9, 'Umidade': 50.7, 'Pressao': 1003.7, 'Luminosidade': 52.5, 'Manual': 1, 'DataUp': None}
[2025-08-08 14:29:28] Erro ao inserir registro: {'Data': '2025-08-07 11:09:11', 'Operacao': 'OPR-A001-1754579204', 'Classe': 'person_nc', 'Conformidade': 'Não', 'Massa': '0', 'Serial': 'MCBOX-000B-36Y9-0YZ2', 'Imagem': 'deteccao\\OPR-A001-1754579204\\OPR-A001-1754579204_person_nc_99999_20250807_110911.jpg', 'Temperatura': 28.9, 'Umidade': 50.3, 'Pressao': 1013.8, 'Luminosidade': 45.0, 'Manual': 1, 'DataUp': None}
[2025-08-08 14:29:29] Erro ao inserir registro: {'Data': '2025-08-07 11:09:11', 'Operacao': 'OPR-A001-1754579204', 'Classe': 'person_nc', 'Conformidade': 'Não', 'Massa': '0', 'Serial': 'MCBOX-000B-36Y9-0YZ2', 'Imagem': 'deteccao\\OPR-A001-1754579204\\OPR-A001-1754579204_person_nc_99999_20250807_110911.jpg', 'Temperatura': 25.0, 'Umidade': 49.2, 'Pressao': 1009.3, 'Luminosidade': 48.1, 'Manual': 1, 'DataUp': None}
[2025-08-08 14:29:30] Erro ao inserir registro: {'Data': '2025-08-07 11:09:11', 'Operacao': 'OPR-A001-1754579204', 'Classe': 'person_nc', 'Conformidade': 'Não', 'Massa': '0', 'Serial': 'MCBOX-000B-36Y9-0YZ2', 'Imagem': 'deteccao\\OPR-A001-1754579204\\OPR-A001-1754579204_person_nc_99999_20250807_110911.jpg', 'Temperatura': 29.1, 'Umidade': 46.8, 'Pressao': 1008.1, 'Luminosidade': 53.0, 'Manual': 1, 'DataUp': None}
[2025-08-08 14:29:32] Erro ao inserir registro: {'Data': '2025-08-07 11:09:16', 'Operacao': 'OPR-A001-1754579204', 'Classe': 'person_nc', 'Conformidade': 'Não', 'Massa': '0', 'Serial': 'MCBOX-000B-36Y9-0YZ2', 'Imagem': 'deteccao\\OPR-A001-1754579204\\OPR-A001-1754579204_person_nc_99999_20250807_110916.jpg', 'Temperatura': 29.3, 'Umidade': 54.2, 'Pressao': 1001.4, 'Luminosidade': 41.9, 'Manual': 1, 'DataUp': None}
[2025-08-08 14:29:33] Erro ao inserir registro: {'Data': '2025-08-07 11:33:32', 'Operacao': 'OPR-A001-1754580797', 'Classe': 'person_nc', 'Conformidade': 'Não', 'Massa': '0', 'Serial': 'MCBOX-000B-36Y9-0YZ2', 'Imagem': 'deteccao\\OPR-A001-1754580797\\OPR-A001-1754580797_person_nc_99999_20250807_113332.jpg', 'Temperatura': 26.5, 'Umidade': 54.1, 'Pressao': 1012.6, 'Luminosidade': 45.5, 'Manual': 1, 'DataUp': None}
[2025-08-08 14:29:34] Erro ao inserir registro: {'Data': '2025-08-07 11:37:06', 'Operacao': 'OPR-A001-1754580979', 'Classe': 'person_nc', 'Conformidade': 'Não', 'Massa': '0', 'Serial': 'MCBOX-000B-36Y9-0YZ2', 'Imagem': 'deteccao\\OPR-A001-1754580979\\OPR-A001-1754580979_person_nc_90002_20250807_113706.jpg', 'Temperatura': 28.7, 'Umidade': 54.3, 'Pressao': 1000.2, 'Luminosidade': 58.2, 'Manual': 1, 'DataUp': None}
[2025-08-08 14:29:36] Erro ao inserir registro: {'Data': '2025-08-07 11:37:06', 'Operacao': 'OPR-A001-1754580979', 'Classe': 'person_nc', 'Conformidade': 'Não', 'Massa': '0', 'Serial': 'MCBOX-000B-36Y9-0YZ2', 'Imagem': 'deteccao\\OPR-A001-1754580979\\OPR-A001-1754580979_person_nc_90004_20250807_113706.jpg', 'Temperatura': 28.3, 'Umidade': 48.0, 'Pressao': 1006.7, 'Luminosidade': 48.3, 'Manual': 1, 'DataUp': None}
[2025-08-08 14:29:37] Erro ao inserir registro: {'Data': '2025-08-07 11:37:06', 'Operacao': 'OPR-A001-1754580979', 'Classe': 'person_nc', 'Conformidade': 'Não', 'Massa': '0', 'Serial': 'MCBOX-000B-36Y9-0YZ2', 'Imagem': 'deteccao\\OPR-A001-1754580979\\OPR-A001-1754580979_person_nc_90008_20250807_113706.jpg', 'Temperatura': 24.1, 'Umidade': 64.6, 'Pressao': 1005.4, 'Luminosidade': 59.1, 'Manual': 1, 'DataUp': None}
[2025-08-08 14:29:39] Erro ao inserir registro: {'Data': '2025-08-07 11:37:06', 'Operacao': 'OPR-A001-1754580979', 'Classe': 'person_nc', 'Conformidade': 'Não', 'Massa': '0', 'Serial': 'MCBOX-000B-36Y9-0YZ2', 'Imagem': 'deteccao\\OPR-A001-1754580979\\OPR-A001-1754580979_person_nc_90001_20250807_113706.jpg', 'Temperatura': 28.1, 'Umidade': 45.6, 'Pressao': 1009.7, 'Luminosidade': 53.0, 'Manual': 1, 'DataUp': None}
[2025-08-08 14:29:40] Erro ao inserir registro: {'Data': '2025-08-07 11:37:06', 'Operacao': 'OPR-A001-1754580979', 'Classe': 'person_nc', 'Conformidade': 'Não', 'Massa': '0', 'Serial': 'MCBOX-000B-36Y9-0YZ2', 'Imagem': 'deteccao\\OPR-A001-1754580979\\OPR-A001-1754580979_person_nc_90003_20250807_113706.jpg', 'Temperatura': 29.0, 'Umidade': 50.3, 'Pressao': 1005.4, 'Luminosidade': 59.4, 'Manual': 1, 'DataUp': None}
[2025-08-08 14:29:41] Erro ao inserir registro: {'Data': '2025-08-07 11:37:06', 'Operacao': 'OPR-A001-1754580979', 'Classe': 'person_nc', 'Conformidade': 'Não', 'Massa': '0', 'Serial': 'MCBOX-000B-36Y9-0YZ2', 'Imagem': 'deteccao\\OPR-A001-1754580979\\OPR-A001-1754580979_person_nc_90009_20250807_113706.jpg', 'Temperatura': 24.3, 'Umidade': 53.4, 'Pressao': 1004.6, 'Luminosidade': 40.9, 'Manual': 1, 'DataUp': None}
[2025-08-08 14:29:43] Erro ao inserir registro: {'Data': '2025-08-07 11:37:06', 'Operacao': 'OPR-A001-1754580979', 'Classe': 'person_nc', 'Conformidade': 'Não', 'Massa': '0', 'Serial': 'MCBOX-000B-36Y9-0YZ2', 'Imagem': 'deteccao\\OPR-A001-1754580979\\OPR-A001-1754580979_person_nc_90010_20250807_113706.jpg', 'Temperatura': 29.2, 'Umidade': 61.5, 'Pressao': 1014.2, 'Luminosidade': 59.1, 'Manual': 1, 'DataUp': None}
[2025-08-08 14:29:44] Erro ao inserir registro: {'Data': '2025-08-07 11:37:06', 'Operacao': 'OPR-A001-1754580979', 'Classe': 'person_nc', 'Conformidade': 'Não', 'Massa': '0', 'Serial': 'MCBOX-000B-36Y9-0YZ2', 'Imagem': 'deteccao\\OPR-A001-1754580979\\OPR-A001-1754580979_person_nc_90000_20250807_113706.jpg', 'Temperatura': 27.4, 'Umidade': 47.9, 'Pressao': 1004.3, 'Luminosidade': 58.1, 'Manual': 1, 'DataUp': None}
[2025-08-08 14:29:45] Erro ao inserir registro: {'Data': '2025-08-07 11:37:06', 'Operacao': 'OPR-A001-1754580979', 'Classe': 'person_nc', 'Conformidade': 'Não', 'Massa': '0', 'Serial': 'MCBOX-000B-36Y9-0YZ2', 'Imagem': 'deteccao\\OPR-A001-1754580979\\OPR-A001-1754580979_person_nc_90005_20250807_113706.jpg', 'Temperatura': 27.6, 'Umidade': 49.8, 'Pressao': 1009.4, 'Luminosidade': 52.1, 'Manual': 1, 'DataUp': None}
[2025-08-08 14:29:47] Erro ao inserir registro: {'Data': '2025-08-07 11:37:06', 'Operacao': 'OPR-A001-1754580979', 'Classe': 'person_nc', 'Conformidade': 'Não', 'Massa': '0', 'Serial': 'MCBOX-000B-36Y9-0YZ2', 'Imagem': 'deteccao\\OPR-A001-1754580979\\OPR-A001-1754580979_person_nc_90006_20250807_113706.jpg', 'Temperatura': 27.7, 'Umidade': 51.4, 'Pressao': 1012.6, 'Luminosidade': 48.4, 'Manual': 1, 'DataUp': None}
[2025-08-08 14:29:48] Erro ao inserir registro: {'Data': '2025-08-07 11:37:06', 'Operacao': 'OPR-A001-1754580979', 'Classe': 'person_nc', 'Conformidade': 'Não', 'Massa': '0', 'Serial': 'MCBOX-000B-36Y9-0YZ2', 'Imagem': 'deteccao\\OPR-A001-1754580979\\OPR-A001-1754580979_person_nc_90007_20250807_113706.jpg', 'Temperatura': 27.2, 'Umidade': 62.1, 'Pressao': 1014.3, 'Luminosidade': 50.8, 'Manual': 1, 'DataUp': None}
[2025-08-08 14:29:49] Erro ao inserir registro: {'Data': '2025-08-07 11:41:03', 'Operacao': 'OPR-A001-1754581211', 'Classe': 'person_nc', 'Conformidade': 'Não', 'Massa': '0', 'Serial': 'MCBOX-000B-36Y9-0YZ2', 'Imagem': 'deteccao\\OPR-A001-1754581211\\OPR-A001-1754581211_person_nc_90000_20250807_114103.jpg', 'Temperatura': 27.5, 'Umidade': 54.9, 'Pressao': 1013.3, 'Luminosidade': 49.3, 'Manual': 1, 'DataUp': None}
[2025-08-08 14:29:51] Erro ao inserir registro: {'Data': '2025-08-07 11:41:03', 'Operacao': 'OPR-A001-1754581211', 'Classe': 'person_nc', 'Conformidade': 'Não', 'Massa': '0', 'Serial': 'MCBOX-000B-36Y9-0YZ2', 'Imagem': 'deteccao\\OPR-A001-1754581211\\OPR-A001-1754581211_person_nc_90003_20250807_114103.jpg', 'Temperatura': 24.2, 'Umidade': 48.9, 'Pressao': 1010.7, 'Luminosidade': 45.1, 'Manual': 1, 'DataUp': None}
[2025-08-08 14:29:52] Erro ao inserir registro: {'Data': '2025-08-07 11:41:03', 'Operacao': 'OPR-A001-1754581211', 'Classe': 'person_nc', 'Conformidade': 'Não', 'Massa': '0', 'Serial': 'MCBOX-000B-36Y9-0YZ2', 'Imagem': 'deteccao\\OPR-A001-1754581211\\OPR-A001-1754581211_person_nc_90004_20250807_114103.jpg', 'Temperatura': 28.5, 'Umidade': 56.7, 'Pressao': 1006.7, 'Luminosidade': 59.6, 'Manual': 1, 'DataUp': None}
[2025-08-08 14:29:53] Erro ao inserir registro: {'Data': '2025-08-07 11:41:03', 'Operacao': 'OPR-A001-1754581211', 'Classe': 'person_nc', 'Conformidade': 'Não', 'Massa': '0', 'Serial': 'MCBOX-000B-36Y9-0YZ2', 'Imagem': 'deteccao\\OPR-A001-1754581211\\OPR-A001-1754581211_person_nc_90012_20250807_114103.jpg', 'Temperatura': 29.4, 'Umidade': 62.1, 'Pressao': 1009.4, 'Luminosidade': 59.5, 'Manual': 1, 'DataUp': None}
[2025-08-08 14:29:55] Erro ao inserir registro: {'Data': '2025-08-07 11:41:03', 'Operacao': 'OPR-A001-1754581211', 'Classe': 'person_nc', 'Conformidade': 'Não', 'Massa': '0', 'Serial': 'MCBOX-000B-36Y9-0YZ2', 'Imagem': 'deteccao\\OPR-A001-1754581211\\OPR-A001-1754581211_person_nc_90018_20250807_114103.jpg', 'Temperatura': 25.9, 'Umidade': 62.9, 'Pressao': 1002.7, 'Luminosidade': 52.0, 'Manual': 1, 'DataUp': None}
[2025-08-08 14:29:56] Erro ao inserir registro: {'Data': '2025-08-07 11:41:03', 'Operacao': 'OPR-A001-1754581211', 'Classe': 'person_nc', 'Conformidade': 'Não', 'Massa': '0', 'Serial': 'MCBOX-000B-36Y9-0YZ2', 'Imagem': 'deteccao\\OPR-A001-1754581211\\OPR-A001-1754581211_person_nc_90014_20250807_114103.jpg', 'Temperatura': 27.5, 'Umidade': 51.0, 'Pressao': 1002.5, 'Luminosidade': 49.1, 'Manual': 1, 'DataUp': None}
[2025-08-08 14:29:57] Erro ao inserir registro: {'Data': '2025-08-07 11:41:03', 'Operacao': 'OPR-A001-1754581211', 'Classe': 'person_nc', 'Conformidade': 'Não', 'Massa': '0', 'Serial': 'MCBOX-000B-36Y9-0YZ2', 'Imagem': 'deteccao\\OPR-A001-1754581211\\OPR-A001-1754581211_person_nc_90016_20250807_114103.jpg', 'Temperatura': 25.8, 'Umidade': 63.0, 'Pressao': 1009.9, 'Luminosidade': 49.4, 'Manual': 1, 'DataUp': None}
[2025-08-08 14:29:59] Erro ao inserir registro: {'Data': '2025-08-07 11:41:03', 'Operacao': 'OPR-A001-1754581211', 'Classe': 'person_nc', 'Conformidade': 'Não', 'Massa': '0', 'Serial': 'MCBOX-000B-36Y9-0YZ2', 'Imagem': 'deteccao\\OPR-A001-1754581211\\OPR-A001-1754581211_person_nc_90023_20250807_114103.jpg', 'Temperatura': 29.5, 'Umidade': 56.0, 'Pressao': 1014.7, 'Luminosidade': 49.1, 'Manual': 1, 'DataUp': None}
[2025-08-08 14:30:00] Erro ao inserir registro: {'Data': '2025-08-07 11:41:03', 'Operacao': 'OPR-A001-1754581211', 'Classe': 'person_nc', 'Conformidade': 'Não', 'Massa': '0', 'Serial': 'MCBOX-000B-36Y9-0YZ2', 'Imagem': 'deteccao\\OPR-A001-1754581211\\OPR-A001-1754581211_person_nc_90008_20250807_114103.jpg', 'Temperatura': 25.6, 'Umidade': 55.7, 'Pressao': 1006.6, 'Luminosidade': 50.1, 'Manual': 1, 'DataUp': None}
[2025-08-08 14:30:01] Erro ao inserir registro: {'Data': '2025-08-07 11:41:03', 'Operacao': 'OPR-A001-1754581211', 'Classe': 'person_nc', 'Conformidade': 'Não', 'Massa': '0', 'Serial': 'MCBOX-000B-36Y9-0YZ2', 'Imagem': 'deteccao\\OPR-A001-1754581211\\OPR-A001-1754581211_person_nc_90015_20250807_114103.jpg', 'Temperatura': 29.2, 'Umidade': 53.1, 'Pressao': 1000.2, 'Luminosidade': 50.6, 'Manual': 1, 'DataUp': None}
[2025-08-08 14:30:03] Erro ao inserir registro: {'Data': '2025-08-07 11:41:03', 'Operacao': 'OPR-A001-1754581211', 'Classe': 'person_nc', 'Conformidade': 'Não', 'Massa': '0', 'Serial': 'MCBOX-000B-36Y9-0YZ2', 'Imagem': 'deteccao\\OPR-A001-1754581211\\OPR-A001-1754581211_person_nc_90024_20250807_114103.jpg', 'Temperatura': 27.4, 'Umidade': 50.2, 'Pressao': 1006.8, 'Luminosidade': 56.6, 'Manual': 1, 'DataUp': None}
[2025-08-08 14:30:04] Erro ao inserir registro: {'Data': '2025-08-07 11:41:03', 'Operacao': 'OPR-A001-1754581211', 'Classe': 'person_nc', 'Conformidade': 'Não', 'Massa': '0', 'Serial': 'MCBOX-000B-36Y9-0YZ2', 'Imagem': 'deteccao\\OPR-A001-1754581211\\OPR-A001-1754581211_person_nc_90019_20250807_114103.jpg', 'Temperatura': 27.5, 'Umidade': 58.5, 'Pressao': 1000.7, 'Luminosidade': 46.6, 'Manual': 1, 'DataUp': None}
[2025-08-08 14:30:05] Erro ao inserir registro: {'Data': '2025-08-07 11:41:03', 'Operacao': 'OPR-A001-1754581211', 'Classe': 'person_nc', 'Conformidade': 'Não', 'Massa': '0', 'Serial': 'MCBOX-000B-36Y9-0YZ2', 'Imagem': 'deteccao\\OPR-A001-1754581211\\OPR-A001-1754581211_person_nc_90027_20250807_114103.jpg', 'Temperatura': 25.9, 'Umidade': 45.1, 'Pressao': 1008.2, 'Luminosidade': 48.8, 'Manual': 1, 'DataUp': None}
[2025-08-08 14:30:07] Erro ao inserir registro: {'Data': '2025-08-07 11:41:03', 'Operacao': 'OPR-A001-1754581211', 'Classe': 'person_nc', 'Conformidade': 'Não', 'Massa': '0', 'Serial': 'MCBOX-000B-36Y9-0YZ2', 'Imagem': 'deteccao\\OPR-A001-1754581211\\OPR-A001-1754581211_person_nc_90011_20250807_114103.jpg', 'Temperatura': 24.3, 'Umidade': 60.5, 'Pressao': 1002.7, 'Luminosidade': 50.0, 'Manual': 1, 'DataUp': None}
[2025-08-08 14:30:08] Erro ao inserir registro: {'Data': '2025-08-07 11:41:03', 'Operacao': 'OPR-A001-1754581211', 'Classe': 'person_nc', 'Conformidade': 'Não', 'Massa': '0', 'Serial': 'MCBOX-000B-36Y9-0YZ2', 'Imagem': 'deteccao\\OPR-A001-1754581211\\OPR-A001-1754581211_person_nc_90007_20250807_114103.jpg', 'Temperatura': 26.5, 'Umidade': 49.3, 'Pressao': 1008.1, 'Luminosidade': 42.3, 'Manual': 1, 'DataUp': None}
[2025-08-08 14:30:10] Erro ao inserir registro: {'Data': '2025-08-07 11:41:03', 'Operacao': 'OPR-A001-1754581211', 'Classe': 'person_nc', 'Conformidade': 'Não', 'Massa': '0', 'Serial': 'MCBOX-000B-36Y9-0YZ2', 'Imagem': 'deteccao\\OPR-A001-1754581211\\OPR-A001-1754581211_person_nc_90028_20250807_114103.jpg', 'Temperatura': 25.4, 'Umidade': 57.7, 'Pressao': 1013.8, 'Luminosidade': 57.3, 'Manual': 1, 'DataUp': None}
[2025-08-08 14:30:11] Erro ao inserir registro: {'Data': '2025-08-07 11:41:03', 'Operacao': 'OPR-A001-1754581211', 'Classe': 'person_nc', 'Conformidade': 'Não', 'Massa': '0', 'Serial': 'MCBOX-000B-36Y9-0YZ2', 'Imagem': 'deteccao\\OPR-A001-1754581211\\OPR-A001-1754581211_person_nc_90020_20250807_114103.jpg', 'Temperatura': 25.0, 'Umidade': 47.1, 'Pressao': 1009.8, 'Luminosidade': 48.4, 'Manual': 1, 'DataUp': None}
[2025-08-08 14:30:12] Erro ao inserir registro: {'Data': '2025-08-07 11:41:03', 'Operacao': 'OPR-A001-1754581211', 'Classe': 'person_nc', 'Conformidade': 'Não', 'Massa': '0', 'Serial': 'MCBOX-000B-36Y9-0YZ2', 'Imagem': 'deteccao\\OPR-A001-1754581211\\OPR-A001-1754581211_person_nc_90025_20250807_114103.jpg', 'Temperatura': 26.9, 'Umidade': 58.1, 'Pressao': 1003.1, 'Luminosidade': 48.8, 'Manual': 1, 'DataUp': None}
[2025-08-08 14:30:14] Erro ao inserir registro: {'Data': '2025-08-07 11:41:03', 'Operacao': 'OPR-A001-1754581211', 'Classe': 'person_nc', 'Conformidade': 'Não', 'Massa': '0', 'Serial': 'MCBOX-000B-36Y9-0YZ2', 'Imagem': 'deteccao\\OPR-A001-1754581211\\OPR-A001-1754581211_person_nc_90001_20250807_114103.jpg', 'Temperatura': 24.2, 'Umidade': 55.4, 'Pressao': 1011.3, 'Luminosidade': 46.0, 'Manual': 1, 'DataUp': None}
[2025-08-08 14:30:15] Erro ao inserir registro: {'Data': '2025-08-07 11:41:03', 'Operacao': 'OPR-A001-1754581211', 'Classe': 'person_nc', 'Conformidade': 'Não', 'Massa': '0', 'Serial': 'MCBOX-000B-36Y9-0YZ2', 'Imagem': 'deteccao\\OPR-A001-1754581211\\OPR-A001-1754581211_person_nc_90002_20250807_114103.jpg', 'Temperatura': 28.6, 'Umidade': 51.4, 'Pressao': 1013.1, 'Luminosidade': 46.4, 'Manual': 1, 'DataUp': None}
[2025-08-08 14:30:16] Erro ao inserir registro: {'Data': '2025-08-07 11:41:03', 'Operacao': 'OPR-A001-1754581211', 'Classe': 'person_nc', 'Conformidade': 'Não', 'Massa': '0', 'Serial': 'MCBOX-000B-36Y9-0YZ2', 'Imagem': 'deteccao\\OPR-A001-1754581211\\OPR-A001-1754581211_person_nc_90029_20250807_114103.jpg', 'Temperatura': 29.7, 'Umidade': 60.8, 'Pressao': 1006.6, 'Luminosidade': 54.4, 'Manual': 1, 'DataUp': None}
[2025-08-08 14:30:18] Erro ao inserir registro: {'Data': '2025-08-07 11:41:03', 'Operacao': 'OPR-A001-1754581211', 'Classe': 'person_nc', 'Conformidade': 'Não', 'Massa': '0', 'Serial': 'MCBOX-000B-36Y9-0YZ2', 'Imagem': 'deteccao\\OPR-A001-1754581211\\OPR-A001-1754581211_person_nc_90009_20250807_114103.jpg', 'Temperatura': 24.2, 'Umidade': 48.9, 'Pressao': 1012.9, 'Luminosidade': 49.5, 'Manual': 1, 'DataUp': None}
[2025-08-08 14:30:19] Erro ao inserir registro: {'Data': '2025-08-07 11:41:03', 'Operacao': 'OPR-A001-1754581211', 'Classe': 'person_nc', 'Conformidade': 'Não', 'Massa': '0', 'Serial': 'MCBOX-000B-36Y9-0YZ2', 'Imagem': 'deteccao\\OPR-A001-1754581211\\OPR-A001-1754581211_person_nc_90006_20250807_114103.jpg', 'Temperatura': 28.2, 'Umidade': 47.9, 'Pressao': 1004.2, 'Luminosidade': 43.7, 'Manual': 1, 'DataUp': None}
[2025-08-08 14:30:20] Erro ao inserir registro: {'Data': '2025-08-07 11:41:03', 'Operacao': 'OPR-A001-1754581211', 'Classe': 'person_nc', 'Conformidade': 'Não', 'Massa': '0', 'Serial': 'MCBOX-000B-36Y9-0YZ2', 'Imagem': 'deteccao\\OPR-A001-1754581211\\OPR-A001-1754581211_person_nc_90005_20250807_114103.jpg', 'Temperatura': 25.8, 'Umidade': 60.2, 'Pressao': 1011.9, 'Luminosidade': 59.2, 'Manual': 1, 'DataUp': None}
[2025-08-08 14:30:22] Erro ao inserir registro: {'Data': '2025-08-07 11:41:03', 'Operacao': 'OPR-A001-1754581211', 'Classe': 'person_nc', 'Conformidade': 'Não', 'Massa': '0', 'Serial': 'MCBOX-000B-36Y9-0YZ2', 'Imagem': 'deteccao\\OPR-A001-1754581211\\OPR-A001-1754581211_person_nc_90026_20250807_114103.jpg', 'Temperatura': 24.1, 'Umidade': 57.2, 'Pressao': 1007.4, 'Luminosidade': 44.8, 'Manual': 1, 'DataUp': None}
[2025-08-08 14:30:23] Erro ao inserir registro: {'Data': '2025-08-07 11:41:03', 'Operacao': 'OPR-A001-1754581211', 'Classe': 'person_nc', 'Conformidade': 'Não', 'Massa': '0', 'Serial': 'MCBOX-000B-36Y9-0YZ2', 'Imagem': 'deteccao\\OPR-A001-1754581211\\OPR-A001-1754581211_person_nc_90010_20250807_114103.jpg', 'Temperatura': 29.1, 'Umidade': 64.7, 'Pressao': 1001.6, 'Luminosidade': 41.5, 'Manual': 1, 'DataUp': None}
[2025-08-08 14:30:24] Erro ao inserir registro: {'Data': '2025-08-07 11:41:03', 'Operacao': 'OPR-A001-1754581211', 'Classe': 'person_nc', 'Conformidade': 'Não', 'Massa': '0', 'Serial': 'MCBOX-000B-36Y9-0YZ2', 'Imagem': 'deteccao\\OPR-A001-1754581211\\OPR-A001-1754581211_person_nc_90022_20250807_114103.jpg', 'Temperatura': 26.0, 'Umidade': 58.6, 'Pressao': 1003.5, 'Luminosidade': 57.9, 'Manual': 1, 'DataUp': None}
[2025-08-08 14:30:26] Erro ao inserir registro: {'Data': '2025-08-07 11:41:03', 'Operacao': 'OPR-A001-1754581211', 'Classe': 'person_nc', 'Conformidade': 'Não', 'Massa': '0', 'Serial': 'MCBOX-000B-36Y9-0YZ2', 'Imagem': 'deteccao\\OPR-A001-1754581211\\OPR-A001-1754581211_person_nc_90013_20250807_114103.jpg', 'Temperatura': 27.1, 'Umidade': 55.6, 'Pressao': 1007.6, 'Luminosidade': 44.1, 'Manual': 1, 'DataUp': None}
[2025-08-08 14:30:27] Erro ao inserir registro: {'Data': '2025-08-07 11:41:03', 'Operacao': 'OPR-A001-1754581211', 'Classe': 'person_nc', 'Conformidade': 'Não', 'Massa': '0', 'Serial': 'MCBOX-000B-36Y9-0YZ2', 'Imagem': 'deteccao\\OPR-A001-1754581211\\OPR-A001-1754581211_person_nc_90017_20250807_114103.jpg', 'Temperatura': 26.5, 'Umidade': 52.3, 'Pressao': 1001.3, 'Luminosidade': 53.5, 'Manual': 1, 'DataUp': None}
[2025-08-08 14:30:28] Erro ao inserir registro: {'Data': '2025-08-07 11:41:03', 'Operacao': 'OPR-A001-1754581211', 'Classe': 'person_nc', 'Conformidade': 'Não', 'Massa': '0', 'Serial': 'MCBOX-000B-36Y9-0YZ2', 'Imagem': 'deteccao\\OPR-A001-1754581211\\OPR-A001-1754581211_person_nc_90021_20250807_114103.jpg', 'Temperatura': 26.0, 'Umidade': 47.2, 'Pressao': 1008.9, 'Luminosidade': 45.7, 'Manual': 1, 'DataUp': None}
[2025-08-08 14:30:30] Erro ao inserir registro: {'Data': '2025-08-07 11:59:23', 'Operacao': 'OPR-A001-1754582338', 'Classe': 'person_nc', 'Conformidade': 'Não', 'Massa': '0', 'Serial': 'MCBOX-000B-36Y9-0YZ2', 'Imagem': 'deteccao\\OPR-A001-1754582338\\OPR-A001-1754582338_person_nc_90003_20250807_115923.jpg', 'Temperatura': 28.6, 'Umidade': 56.3, 'Pressao': 1004.4, 'Luminosidade': 49.7, 'Manual': 1, 'DataUp': None}
[2025-08-08 14:30:31] Erro ao inserir registro: {'Data': '2025-08-07 11:59:23', 'Operacao': 'OPR-A001-1754582338', 'Classe': 'person_nc', 'Conformidade': 'Não', 'Massa': '0', 'Serial': 'MCBOX-000B-36Y9-0YZ2', 'Imagem': 'deteccao\\OPR-A001-1754582338\\OPR-A001-1754582338_person_nc_90000_20250807_115923.jpg', 'Temperatura': 25.1, 'Umidade': 52.6, 'Pressao': 1010.1, 'Luminosidade': 51.3, 'Manual': 1, 'DataUp': None}
[2025-08-08 14:30:32] Erro ao inserir registro: {'Data': '2025-08-07 11:59:23', 'Operacao': 'OPR-A001-1754582338', 'Classe': 'person_nc', 'Conformidade': 'Não', 'Massa': '0', 'Serial': 'MCBOX-000B-36Y9-0YZ2', 'Imagem': 'deteccao\\OPR-A001-1754582338\\OPR-A001-1754582338_person_nc_90001_20250807_115923.jpg', 'Temperatura': 25.2, 'Umidade': 51.6, 'Pressao': 1002.6, 'Luminosidade': 57.2, 'Manual': 1, 'DataUp': None}
[2025-08-08 14:30:34] Erro ao inserir registro: {'Data': '2025-08-07 11:59:23', 'Operacao': 'OPR-A001-1754582338', 'Classe': 'person_nc', 'Conformidade': 'Não', 'Massa': '0', 'Serial': 'MCBOX-000B-36Y9-0YZ2', 'Imagem': 'deteccao\\OPR-A001-1754582338\\OPR-A001-1754582338_person_nc_90002_20250807_115923.jpg', 'Temperatura': 27.0, 'Umidade': 54.8, 'Pressao': 1004.0, 'Luminosidade': 54.9, 'Manual': 1, 'DataUp': None}
[2025-08-08 14:30:35] Erro ao inserir registro: {'Data': '2025-08-07 14:00:12', 'Operacao': 'OPR-A001-1754589595', 'Classe': 'person', 'Conformidade': 'Sim', 'Massa': '0', 'Serial': 'MCBOX-000B-36Y9-0YZ2', 'Imagem': 'deteccao\\OPR-A001-1754589595\\OPR-A001-1754589595_person_1_20250807_140012.jpg', 'Temperatura': 25.7, 'Umidade': 51.7, 'Pressao': 1001.5, 'Luminosidade': 51.0, 'Manual': 0, 'DataUp': None}
[2025-08-08 14:30:36] Erro ao inserir registro: {'Data': '2025-08-07 14:00:23', 'Operacao': 'OPR-A001-1754589595', 'Classe': 'person_nc', 'Conformidade': 'Não', 'Massa': '0', 'Serial': 'MCBOX-000B-36Y9-0YZ2', 'Imagem': 'deteccao\\OPR-A001-1754589595\\OPR-A001-1754589595_person_nc_99999_20250807_140023.jpg', 'Temperatura': 26.7, 'Umidade': 57.5, 'Pressao': 1004.5, 'Luminosidade': 40.1, 'Manual': 1, 'DataUp': None}
[2025-08-08 14:30:38] Erro ao inserir registro: {'Data': '2025-08-07 14:00:31', 'Operacao': 'OPR-A001-1754589595', 'Classe': 'person_nc', 'Conformidade': 'Não', 'Massa': '0', 'Serial': 'MCBOX-000B-36Y9-0YZ2', 'Imagem': 'deteccao\\OPR-A001-1754589595\\OPR-A001-1754589595_person_nc_90001_20250807_140031.jpg', 'Temperatura': 27.4, 'Umidade': 49.6, 'Pressao': 1003.7, 'Luminosidade': 53.6, 'Manual': 1, 'DataUp': None}
[2025-08-08 14:30:39] Erro ao inserir registro: {'Data': '2025-08-07 14:00:31', 'Operacao': 'OPR-A001-1754589595', 'Classe': 'person_nc', 'Conformidade': 'Não', 'Massa': '0', 'Serial': 'MCBOX-000B-36Y9-0YZ2', 'Imagem': 'deteccao\\OPR-A001-1754589595\\OPR-A001-1754589595_person_nc_90003_20250807_140031.jpg', 'Temperatura': 27.1, 'Umidade': 58.4, 'Pressao': 1004.8, 'Luminosidade': 44.4, 'Manual': 1, 'DataUp': None}
[2025-08-08 14:30:40] Erro ao inserir registro: {'Data': '2025-08-07 14:00:31', 'Operacao': 'OPR-A001-1754589595', 'Classe': 'person_nc', 'Conformidade': 'Não', 'Massa': '0', 'Serial': 'MCBOX-000B-36Y9-0YZ2', 'Imagem': 'deteccao\\OPR-A001-1754589595\\OPR-A001-1754589595_person_nc_90002_20250807_140031.jpg', 'Temperatura': 30.0, 'Umidade': 58.1, 'Pressao': 1001.2, 'Luminosidade': 58.1, 'Manual': 1, 'DataUp': None}
[2025-08-08 14:30:42] Erro ao inserir registro: {'Data': '2025-08-07 14:00:31', 'Operacao': 'OPR-A001-1754589595', 'Classe': 'person_nc', 'Conformidade': 'Não', 'Massa': '0', 'Serial': 'MCBOX-000B-36Y9-0YZ2', 'Imagem': 'deteccao\\OPR-A001-1754589595\\OPR-A001-1754589595_person_nc_90000_20250807_140031.jpg', 'Temperatura': 29.4, 'Umidade': 52.7, 'Pressao': 1014.9, 'Luminosidade': 43.6, 'Manual': 1, 'DataUp': None}
[2025-08-08 14:30:43] Erro ao inserir registro: {'Data': '2025-08-07 14:00:31', 'Operacao': 'OPR-A001-1754589595', 'Classe': 'person_nc', 'Conformidade': 'Não', 'Massa': '0', 'Serial': 'MCBOX-000B-36Y9-0YZ2', 'Imagem': 'deteccao\\OPR-A001-1754589595\\OPR-A001-1754589595_person_nc_90004_20250807_140031.jpg', 'Temperatura': 27.1, 'Umidade': 53.6, 'Pressao': 1006.2, 'Luminosidade': 47.8, 'Manual': 1, 'DataUp': None}
[2025-08-08 14:30:45] Erro ao inserir registro: {'Data': '2025-08-07 14:01:16', 'Operacao': 'OPR-A001-1754589649', 'Classe': 'person', 'Conformidade': 'Sim', 'Massa': '0', 'Serial': 'MCBOX-000B-36Y9-0YZ2', 'Imagem': 'deteccao\\OPR-A001-1754589649\\OPR-A001-1754589649_person_1_20250807_140116.jpg', 'Temperatura': 28.1, 'Umidade': 45.4, 'Pressao': 1014.4, 'Luminosidade': 54.0, 'Manual': 0, 'DataUp': None}
[2025-08-08 14:30:46] Erro ao inserir registro: {'Data': '2025-08-07 14:09:09', 'Operacao': 'OPR-A001-1754590116', 'Classe': 'person', 'Conformidade': 'Sim', 'Massa': '0', 'Serial': 'MCBOX-000B-36Y9-0YZ2', 'Imagem': 'deteccao\\OPR-A001-1754590116\\OPR-A001-1754590116_person_1_20250807_140909.jpg', 'Temperatura': 26.8, 'Umidade': 51.7, 'Pressao': 1010.3, 'Luminosidade': 50.3, 'Manual': 0, 'DataUp': None}
[2025-08-08 14:30:47] Erro ao inserir registro: {'Data': '2025-08-07 14:13:37', 'Operacao': 'OPR-A001-1754590403', 'Classe': 'person', 'Conformidade': 'Sim', 'Massa': '0', 'Serial': 'MCBOX-000B-36Y9-0YZ2', 'Imagem': 'deteccao\\OPR-A001-1754590403\\OPR-A001-1754590403_person_1_20250807_141337.jpg', 'Temperatura': 28.7, 'Umidade': 56.9, 'Pressao': 1006.3, 'Luminosidade': 44.3, 'Manual': 0, 'DataUp': None}
[2025-08-08 14:30:49] Erro ao inserir registro: {'Data': '2025-08-07 14:13:37', 'Operacao': 'OPR-A001-1754590403', 'Classe': 'person', 'Conformidade': 'Sim', 'Massa': '0', 'Serial': 'MCBOX-000B-36Y9-0YZ2', 'Imagem': 'deteccao\\OPR-A001-1754590403\\OPR-A001-1754590403_person_3_20250807_141337.jpg', 'Temperatura': 29.8, 'Umidade': 59.9, 'Pressao': 1010.6, 'Luminosidade': 48.1, 'Manual': 0, 'DataUp': None}
[2025-08-08 14:30:50] Erro ao inserir registro: {'Data': '2025-08-07 14:23:12', 'Operacao': 'OPR-A001-1754590953', 'Classe': 'person', 'Conformidade': 'Sim', 'Massa': '0', 'Serial': 'MCBOX-000B-36Y9-0YZ2', 'Imagem': 'deteccao\\OPR-A001-1754590953\\OPR-A001-1754590953_person_1_20250807_142312.jpg', 'Temperatura': 26.5, 'Umidade': 62.3, 'Pressao': 1006.5, 'Luminosidade': 51.9, 'Manual': 0, 'DataUp': None}
[2025-08-08 14:30:51] Erro ao inserir registro: {'Data': '2025-08-07 14:23:13', 'Operacao': 'OPR-A001-1754590953', 'Classe': 'person', 'Conformidade': 'Sim', 'Massa': '0', 'Serial': 'MCBOX-000B-36Y9-0YZ2', 'Imagem': 'deteccao\\OPR-A001-1754590953\\OPR-A001-1754590953_person_2_20250807_142313.jpg', 'Temperatura': 24.9, 'Umidade': 63.0, 'Pressao': 1006.6, 'Luminosidade': 48.9, 'Manual': 0, 'DataUp': None}
[2025-08-08 14:30:53] Erro ao inserir registro: {'Data': '2025-08-07 14:34:27', 'Operacao': 'OPR-A001-1754591651', 'Classe': 'person', 'Conformidade': 'Sim', 'Massa': '0', 'Serial': 'MCBOX-000B-36Y9-0YZ2', 'Imagem': 'deteccao\\OPR-A001-1754591651\\OPR-A001-1754591651_person_1_20250807_143427.jpg', 'Temperatura': 24.2, 'Umidade': 64.4, 'Pressao': 1011.1, 'Luminosidade': 48.3, 'Manual': 0, 'DataUp': None}
[2025-08-08 14:30:54] Erro ao inserir registro: {'Data': '2025-08-07 14:37:56', 'Operacao': 'OPR-A001-1754591863', 'Classe': 'person', 'Conformidade': 'Sim', 'Massa': '0', 'Serial': 'MCBOX-000B-36Y9-0YZ2', 'Imagem': 'deteccao\\OPR-A001-1754591863\\OPR-A001-1754591863_person_2_20250807_143756.jpg', 'Temperatura': 24.7, 'Umidade': 53.4, 'Pressao': 1010.8, 'Luminosidade': 45.3, 'Manual': 0, 'DataUp': None}
[2025-08-08 14:30:55] Erro ao inserir registro: {'Data': '2025-08-07 14:38:16', 'Operacao': 'OPR-A001-1754591863', 'Classe': 'person', 'Conformidade': 'Sim', 'Massa': '0', 'Serial': 'MCBOX-000B-36Y9-0YZ2', 'Imagem': 'deteccao\\OPR-A001-1754591863\\OPR-A001-1754591863_person_1_20250807_143816.jpg', 'Temperatura': 26.7, 'Umidade': 45.8, 'Pressao': 1005.8, 'Luminosidade': 55.0, 'Manual': 0, 'DataUp': None}
[2025-08-08 14:30:57] Erro ao inserir registro: {'Data': '2025-08-07 14:38:16', 'Operacao': 'OPR-A001-1754591863', 'Classe': 'person', 'Conformidade': 'Sim', 'Massa': '0', 'Serial': 'MCBOX-000B-36Y9-0YZ2', 'Imagem': 'deteccao\\OPR-A001-1754591863\\OPR-A001-1754591863_person_12_20250807_143816.jpg', 'Temperatura': 25.4, 'Umidade': 63.4, 'Pressao': 1006.3, 'Luminosidade': 58.7, 'Manual': 0, 'DataUp': None}
[2025-08-08 14:30:58] Erro ao inserir registro: {'Data': '2025-08-07 14:39:06', 'Operacao': 'OPR-A001-1754591931', 'Classe': 'person', 'Conformidade': 'Sim', 'Massa': '0', 'Serial': 'MCBOX-000B-36Y9-0YZ2', 'Imagem': 'deteccao\\OPR-A001-1754591931\\OPR-A001-1754591931_person_2_20250807_143906.jpg', 'Temperatura': 25.2, 'Umidade': 55.8, 'Pressao': 1010.4, 'Luminosidade': 44.0, 'Manual': 0, 'DataUp': None}
[2025-08-08 14:30:59] Erro ao inserir registro: {'Data': '2025-08-07 14:44:16', 'Operacao': 'OPR-A001-1754592226', 'Classe': 'person', 'Conformidade': 'Sim', 'Massa': '0', 'Serial': 'MCBOX-000B-36Y9-0YZ2', 'Imagem': 'deteccao\\OPR-A001-1754592226\\OPR-A001-1754592226_person_1_20250807_144416.jpg', 'Temperatura': 28.2, 'Umidade': 61.3, 'Pressao': 1009.4, 'Luminosidade': 47.9, 'Manual': 0, 'DataUp': None}
[2025-08-08 14:31:01] Erro ao inserir registro: {'Data': '2025-08-07 14:44:37', 'Operacao': 'OPR-A001-1754592226', 'Classe': 'person_nc', 'Conformidade': 'Não', 'Massa': '0', 'Serial': 'MCBOX-000B-36Y9-0YZ2', 'Imagem': 'deteccao\\OPR-A001-1754592226\\OPR-A001-1754592226_person_nc_90000_20250807_144437.jpg', 'Temperatura': 27.7, 'Umidade': 60.6, 'Pressao': 1000.9, 'Luminosidade': 44.0, 'Manual': 1, 'DataUp': None}
[2025-08-08 14:31:02] Erro ao inserir registro: {'Data': '2025-08-07 14:44:37', 'Operacao': 'OPR-A001-1754592226', 'Classe': 'person_nc', 'Conformidade': 'Não', 'Massa': '0', 'Serial': 'MCBOX-000B-36Y9-0YZ2', 'Imagem': 'deteccao\\OPR-A001-1754592226\\OPR-A001-1754592226_person_nc_90002_20250807_144437.jpg', 'Temperatura': 29.0, 'Umidade': 46.4, 'Pressao': 1008.1, 'Luminosidade': 52.8, 'Manual': 1, 'DataUp': None}
[2025-08-08 14:31:03] Erro ao inserir registro: {'Data': '2025-08-07 14:44:37', 'Operacao': 'OPR-A001-1754592226', 'Classe': 'person_nc', 'Conformidade': 'Não', 'Massa': '0', 'Serial': 'MCBOX-000B-36Y9-0YZ2', 'Imagem': 'deteccao\\OPR-A001-1754592226\\OPR-A001-1754592226_person_nc_90003_20250807_144437.jpg', 'Temperatura': 26.0, 'Umidade': 56.0, 'Pressao': 1006.5, 'Luminosidade': 55.0, 'Manual': 1, 'DataUp': None}
[2025-08-08 14:31:05] Erro ao inserir registro: {'Data': '2025-08-07 14:44:37', 'Operacao': 'OPR-A001-1754592226', 'Classe': 'person_nc', 'Conformidade': 'Não', 'Massa': '0', 'Serial': 'MCBOX-000B-36Y9-0YZ2', 'Imagem': 'deteccao\\OPR-A001-1754592226\\OPR-A001-1754592226_person_nc_90008_20250807_144437.jpg', 'Temperatura': 29.0, 'Umidade': 45.7, 'Pressao': 1011.1, 'Luminosidade': 58.6, 'Manual': 1, 'DataUp': None}
[2025-08-08 14:31:06] Erro ao inserir registro: {'Data': '2025-08-07 14:44:37', 'Operacao': 'OPR-A001-1754592226', 'Classe': 'person_nc', 'Conformidade': 'Não', 'Massa': '0', 'Serial': 'MCBOX-000B-36Y9-0YZ2', 'Imagem': 'deteccao\\OPR-A001-1754592226\\OPR-A001-1754592226_person_nc_90009_20250807_144437.jpg', 'Temperatura': 24.1, 'Umidade': 46.6, 'Pressao': 1003.0, 'Luminosidade': 47.8, 'Manual': 1, 'DataUp': None}
[2025-08-08 14:31:07] Erro ao inserir registro: {'Data': '2025-08-07 14:44:37', 'Operacao': 'OPR-A001-1754592226', 'Classe': 'person_nc', 'Conformidade': 'Não', 'Massa': '0', 'Serial': 'MCBOX-000B-36Y9-0YZ2', 'Imagem': 'deteccao\\OPR-A001-1754592226\\OPR-A001-1754592226_person_nc_90004_20250807_144437.jpg', 'Temperatura': 26.3, 'Umidade': 49.8, 'Pressao': 1003.2, 'Luminosidade': 40.0, 'Manual': 1, 'DataUp': None}
[2025-08-08 14:31:09] Erro ao inserir registro: {'Data': '2025-08-07 14:44:37', 'Operacao': 'OPR-A001-1754592226', 'Classe': 'person_nc', 'Conformidade': 'Não', 'Massa': '0', 'Serial': 'MCBOX-000B-36Y9-0YZ2', 'Imagem': 'deteccao\\OPR-A001-1754592226\\OPR-A001-1754592226_person_nc_90006_20250807_144437.jpg', 'Temperatura': 25.9, 'Umidade': 58.2, 'Pressao': 1001.2, 'Luminosidade': 55.2, 'Manual': 1, 'DataUp': None}
[2025-08-08 14:31:10] Erro ao inserir registro: {'Data': '2025-08-07 14:44:37', 'Operacao': 'OPR-A001-1754592226', 'Classe': 'person_nc', 'Conformidade': 'Não', 'Massa': '0', 'Serial': 'MCBOX-000B-36Y9-0YZ2', 'Imagem': 'deteccao\\OPR-A001-1754592226\\OPR-A001-1754592226_person_nc_90005_20250807_144437.jpg', 'Temperatura': 26.9, 'Umidade': 59.7, 'Pressao': 1005.8, 'Luminosidade': 47.3, 'Manual': 1, 'DataUp': None}
[2025-08-08 14:31:12] Erro ao inserir registro: {'Data': '2025-08-07 14:44:37', 'Operacao': 'OPR-A001-1754592226', 'Classe': 'person_nc', 'Conformidade': 'Não', 'Massa': '0', 'Serial': 'MCBOX-000B-36Y9-0YZ2', 'Imagem': 'deteccao\\OPR-A001-1754592226\\OPR-A001-1754592226_person_nc_90007_20250807_144437.jpg', 'Temperatura': 26.8, 'Umidade': 56.0, 'Pressao': 1009.0, 'Luminosidade': 47.9, 'Manual': 1, 'DataUp': None}
[2025-08-08 14:31:13] Erro ao inserir registro: {'Data': '2025-08-07 14:44:37', 'Operacao': 'OPR-A001-1754592226', 'Classe': 'person_nc', 'Conformidade': 'Não', 'Massa': '0', 'Serial': 'MCBOX-000B-36Y9-0YZ2', 'Imagem': 'deteccao\\OPR-A001-1754592226\\OPR-A001-1754592226_person_nc_90001_20250807_144437.jpg', 'Temperatura': 27.8, 'Umidade': 59.5, 'Pressao': 1007.9, 'Luminosidade': 57.9, 'Manual': 1, 'DataUp': None}
[2025-08-08 14:31:15] Iniciando sincronização da tabela Config...
[2025-08-08 14:31:17] Registro ModuloId=A001 atualizado com sucesso.
[2025-08-08 14:31:17] Sincronização da tabela Config concluída.
[2025-08-08 14:31:17] Iniciando sincronização da tabela Registros...
[2025-08-08 14:31:22] Erro ao inserir registro: {'Data': '2025-08-07 10:37:29', 'Operacao': 'OPR-A001-1754577415', 'Classe': 'person', 'Conformidade': 'Sim', 'Massa': '0', 'Serial': 'MCBOX-000B-36Y9-0YZ2', 'Imagem': 'deteccao\\OPR-A001-1754577415\\OPR-A001-1754577415_person_8_20250807_103729.jpg', 'Temperatura': 27.2, 'Umidade': 57.4, 'Pressao': 1002.5, 'Luminosidade': 54.5, 'Manual': 0, 'DataUp': None}
[2025-08-08 14:31:24] Erro ao inserir registro: {'Data': '2025-08-07 10:48:02', 'Operacao': 'OPR-A001-1754577666', 'Classe': 'person', 'Conformidade': 'Sim', 'Massa': '0', 'Serial': 'MCBOX-000B-36Y9-0YZ2', 'Imagem': 'deteccao\\OPR-A001-1754577666\\OPR-A001-1754577666_person_1_20250807_104802.jpg', 'Temperatura': 26.4, 'Umidade': 46.4, 'Pressao': 1010.5, 'Luminosidade': 50.0, 'Manual': 0, 'DataUp': None}
[2025-08-08 14:31:25] Erro ao inserir registro: {'Data': '2025-08-07 11:09:10', 'Operacao': 'OPR-A001-1754579204', 'Classe': 'person_nc', 'Conformidade': 'Não', 'Massa': '0', 'Serial': 'MCBOX-000B-36Y9-0YZ2', 'Imagem': 'deteccao\\OPR-A001-1754579204\\OPR-A001-1754579204_person_nc_99999_20250807_110910.jpg', 'Temperatura': 28.1, 'Umidade': 49.1, 'Pressao': 1005.9, 'Luminosidade': 48.0, 'Manual': 1, 'DataUp': None}
[2025-08-08 14:31:26] Erro ao inserir registro: {'Data': '2025-08-07 11:09:10', 'Operacao': 'OPR-A001-1754579204', 'Classe': 'person_nc', 'Conformidade': 'Não', 'Massa': '0', 'Serial': 'MCBOX-000B-36Y9-0YZ2', 'Imagem': 'deteccao\\OPR-A001-1754579204\\OPR-A001-1754579204_person_nc_99999_20250807_110910.jpg', 'Temperatura': 25.9, 'Umidade': 46.1, 'Pressao': 1000.2, 'Luminosidade': 53.3, 'Manual': 1, 'DataUp': None}
[2025-08-08 14:31:28] Erro ao inserir registro: {'Data': '2025-08-07 11:09:10', 'Operacao': 'OPR-A001-1754579204', 'Classe': 'person_nc', 'Conformidade': 'Não', 'Massa': '0', 'Serial': 'MCBOX-000B-36Y9-0YZ2', 'Imagem': 'deteccao\\OPR-A001-1754579204\\OPR-A001-1754579204_person_nc_99999_20250807_110910.jpg', 'Temperatura': 29.0, 'Umidade': 64.7, 'Pressao': 1008.1, 'Luminosidade': 51.5, 'Manual': 1, 'DataUp': None}
[2025-08-08 14:31:29] Erro ao inserir registro: {'Data': '2025-08-07 11:09:11', 'Operacao': 'OPR-A001-1754579204', 'Classe': 'person_nc', 'Conformidade': 'Não', 'Massa': '0', 'Serial': 'MCBOX-000B-36Y9-0YZ2', 'Imagem': 'deteccao\\OPR-A001-1754579204\\OPR-A001-1754579204_person_nc_99999_20250807_110911.jpg', 'Temperatura': 29.9, 'Umidade': 50.7, 'Pressao': 1003.7, 'Luminosidade': 52.5, 'Manual': 1, 'DataUp': None}
[2025-08-08 14:31:30] Erro ao inserir registro: {'Data': '2025-08-07 11:09:11', 'Operacao': 'OPR-A001-1754579204', 'Classe': 'person_nc', 'Conformidade': 'Não', 'Massa': '0', 'Serial': 'MCBOX-000B-36Y9-0YZ2', 'Imagem': 'deteccao\\OPR-A001-1754579204\\OPR-A001-1754579204_person_nc_99999_20250807_110911.jpg', 'Temperatura': 28.9, 'Umidade': 50.3, 'Pressao': 1013.8, 'Luminosidade': 45.0, 'Manual': 1, 'DataUp': None}
[2025-08-08 14:31:32] Erro ao inserir registro: {'Data': '2025-08-07 11:09:11', 'Operacao': 'OPR-A001-1754579204', 'Classe': 'person_nc', 'Conformidade': 'Não', 'Massa': '0', 'Serial': 'MCBOX-000B-36Y9-0YZ2', 'Imagem': 'deteccao\\OPR-A001-1754579204\\OPR-A001-1754579204_person_nc_99999_20250807_110911.jpg', 'Temperatura': 25.0, 'Umidade': 49.2, 'Pressao': 1009.3, 'Luminosidade': 48.1, 'Manual': 1, 'DataUp': None}
[2025-08-08 14:31:33] Erro ao inserir registro: {'Data': '2025-08-07 11:09:11', 'Operacao': 'OPR-A001-1754579204', 'Classe': 'person_nc', 'Conformidade': 'Não', 'Massa': '0', 'Serial': 'MCBOX-000B-36Y9-0YZ2', 'Imagem': 'deteccao\\OPR-A001-1754579204\\OPR-A001-1754579204_person_nc_99999_20250807_110911.jpg', 'Temperatura': 29.1, 'Umidade': 46.8, 'Pressao': 1008.1, 'Luminosidade': 53.0, 'Manual': 1, 'DataUp': None}
[2025-08-08 14:32:37] Iniciando sincronização da tabela Config...
[2025-08-08 14:32:38] Registro ModuloId=A001 atualizado com sucesso.
[2025-08-08 14:32:38] Sincronização da tabela Config concluída.
[2025-08-08 14:32:38] Iniciando sincronização da tabela Registros...
[2025-08-08 14:39:16] Sincronização da tabela Registros concluída.
[2025-08-08 14:39:16] Total de registros pulados (já existentes): 0
[2025-08-08 14:39:16] Total de registros inseridos: 121
[2025-08-08 14:39:16] Iniciando sincronização da tabela Inicializacoes...
[2025-08-08 14:39:17] ERRO: As colunas da tabela Inicializacoes entre BDL e BDR são diferentes.
[2025-08-08 14:39:17] BDL: ['Data', 'ModuloId', 'Operador']
[2025-08-08 14:39:17] BDR: ['Data', 'ModuloId', 'Operacao']
